{"uuid":"26bd311e-91d9-4691-8e6f-137b6675f2ae","historyId":"acb7cd1171c4e1028c71ecef66e8bbf6","fullName":"io.cucumber.testng.AbstractTestNGCucumberTests.setUpClass","labels":[{"name":"package","value":"Runner.TestRunner"},{"name":"testClass","value":"Runner.TestRunner"},{"name":"testMethod","value":"setUpClass"},{"name":"parentSuite","value":"Surefire suite"},{"name":"suite","value":"Surefire test"},{"name":"subSuite","value":"Runner.TestRunner"},{"name":"host","value":"PF4WCFEW"},{"name":"thread","value":"20940@PF4WCFEW.main(1)"},{"name":"framework","value":"testng"},{"name":"language","value":"java"},{"name":"AS_ID","value":"-1"}],"links":[],"name":"setUpClass","status":"broken","statusDetails":{"known":false,"muted":false,"flaky":false,"message":"Illegal character in path at index 4: Umvn test -Dcucumber.features=src/test/java/Features/Login.featuretilities","trace":"java.lang.IllegalArgumentException: Illegal character in path at index 4: Umvn test -Dcucumber.features=src/test/java/Features/Login.featuretilities\r\n\tat java.base/java.net.URI.create(URI.java:932)\r\n\tat io.cucumber.core.feature.GluePath.parseAssumeClasspathScheme(GluePath.java:81)\r\n\tat io.cucumber.core.feature.GluePath.parse(GluePath.java:68)\r\n\tat io.cucumber.core.options.CucumberOptionsAnnotationParser.addGlue(CucumberOptionsAnnotationParser.java:126)\r\n\tat io.cucumber.core.options.CucumberOptionsAnnotationParser.parse(CucumberOptionsAnnotationParser.java:43)\r\n\tat io.cucumber.testng.TestNGCucumberRunner.<init>(TestNGCucumberRunner.java:85)\r\n\tat io.cucumber.testng.AbstractTestNGCucumberTests.setUpClass(AbstractTestNGCucumberTests.java:27)\r\n\tat java.base/jdk.internal.reflect.DirectMethodHandleAccessor.invoke(DirectMethodHandleAccessor.java:103)\r\n\tat java.base/java.lang.reflect.Method.invoke(Method.java:580)\r\n\tat org.testng.internal.invokers.MethodInvocationHelper.invokeMethod(MethodInvocationHelper.java:141)\r\n\tat org.testng.internal.invokers.MethodInvocationHelper.invokeMethodConsideringTimeout(MethodInvocationHelper.java:71)\r\n\tat org.testng.internal.invokers.ConfigInvoker.invokeConfigurationMethod(ConfigInvoker.java:400)\r\n\tat org.testng.internal.invokers.ConfigInvoker.invokeConfigurations(ConfigInvoker.java:333)\r\n\tat org.testng.internal.invokers.TestMethodWorker.invokeBeforeClassMethods(TestMethodWorker.java:188)\r\n\tat org.testng.internal.invokers.TestMethodWorker.run(TestMethodWorker.java:128)\r\n\tat java.base/java.util.ArrayList.forEach(ArrayList.java:1597)\r\n\tat org.testng.TestRunner.privateRun(TestRunner.java:741)\r\n\tat org.testng.TestRunner.run(TestRunner.java:616)\r\n\tat org.testng.SuiteRunner.runTest(SuiteRunner.java:421)\r\n\tat org.testng.SuiteRunner.runSequentially(SuiteRunner.java:413)\r\n\tat org.testng.SuiteRunner.privateRun(SuiteRunner.java:373)\r\n\tat org.testng.SuiteRunner.run(SuiteRunner.java:312)\r\n\tat org.testng.SuiteRunnerWorker.runSuite(SuiteRunnerWorker.java:52)\r\n\tat org.testng.SuiteRunnerWorker.run(SuiteRunnerWorker.java:95)\r\n\tat org.testng.TestNG.runSuitesSequentially(TestNG.java:1274)\r\n\tat org.testng.TestNG.runSuitesLocally(TestNG.java:1208)\r\n\tat org.testng.TestNG.runSuites(TestNG.java:1112)\r\n\tat org.testng.TestNG.run(TestNG.java:1079)\r\n\tat org.apache.maven.surefire.testng.TestNGExecutor.run(TestNGExecutor.java:155)\r\n\tat org.apache.maven.surefire.testng.TestNGDirectoryTestSuite.executeMulti(TestNGDirectoryTestSuite.java:169)\r\n\tat org.apache.maven.surefire.testng.TestNGDirectoryTestSuite.execute(TestNGDirectoryTestSuite.java:88)\r\n\tat org.apache.maven.surefire.testng.TestNGProvider.invoke(TestNGProvider.java:137)\r\n\tat org.apache.maven.surefire.booter.ForkedBooter.runSuitesInProcess(ForkedBooter.java:385)\r\n\tat org.apache.maven.surefire.booter.ForkedBooter.execute(ForkedBooter.java:162)\r\n\tat org.apache.maven.surefire.booter.ForkedBooter.run(ForkedBooter.java:507)\r\n\tat org.apache.maven.surefire.booter.ForkedBooter.main(ForkedBooter.java:495)\r\nCaused by: java.net.URISyntaxException: Illegal character in path at index 4: Umvn test -Dcucumber.features=src/test/java/Features/Login.featuretilities\r\n\tat java.base/java.net.URI$Parser.fail(URI.java:2995)\r\n\tat java.base/java.net.URI$Parser.checkChars(URI.java:3166)\r\n\tat java.base/java.net.URI$Parser.parseHierarchical(URI.java:3248)\r\n\tat java.base/java.net.URI$Parser.parse(URI.java:3207)\r\n\tat java.base/java.net.URI.<init>(URI.java:645)\r\n\tat java.base/java.net.URI.create(URI.java:930)\r\n\t... 35 more\r\n"},"stage":"finished","steps":[],"attachments":[],"parameters":[],"start":1746768762929,"stop":1746768762932}